<?xml version="1.0" encoding="UTF-8"?>
<testsuite xmlns:xsi="http://www.w3.org/2001/XMLSchema-instance" xsi:noNamespaceSchemaLocation="https://maven.apache.org/surefire/maven-surefire-plugin/xsd/surefire-test-report.xsd" name="TestSuite" time="57.9" tests="4" errors="0" skipped="0" failures="0">
  <properties>
    <property name="sun.desktop" value="gnome"/>
    <property name="awt.toolkit" value="sun.awt.X11.XToolkit"/>
    <property name="file.encoding.pkg" value="sun.io"/>
    <property name="java.specification.version" value="1.8"/>
    <property name="sun.cpu.isalist" value=""/>
    <property name="sun.jnu.encoding" value="UTF-8"/>
    <property name="java.class.path" value="/home/shivap/IdeaProjects/Testing1/target/test-classes:/home/shivap/IdeaProjects/Testing1/target/classes:/home/shivap/.m2/repository/io/github/bonigarcia/webdrivermanager/3.7.1/webdrivermanager-3.7.1.jar:/home/shivap/.m2/repository/org/slf4j/slf4j-api/1.7.25/slf4j-api-1.7.25.jar:/home/shivap/.m2/repository/commons-io/commons-io/2.6/commons-io-2.6.jar:/home/shivap/.m2/repository/com/google/code/gson/gson/2.8.5/gson-2.8.5.jar:/home/shivap/.m2/repository/org/apache/commons/commons-lang3/3.8.1/commons-lang3-3.8.1.jar:/home/shivap/.m2/repository/org/apache/httpcomponents/httpclient/4.5.6/httpclient-4.5.6.jar:/home/shivap/.m2/repository/org/apache/httpcomponents/httpcore/4.4.10/httpcore-4.4.10.jar:/home/shivap/.m2/repository/commons-logging/commons-logging/1.2/commons-logging-1.2.jar:/home/shivap/.m2/repository/commons-codec/commons-codec/1.10/commons-codec-1.10.jar:/home/shivap/.m2/repository/org/rauschig/jarchivelib/1.0.0/jarchivelib-1.0.0.jar:/home/shivap/.m2/repository/org/apache/commons/commons-compress/1.18/commons-compress-1.18.jar:/home/shivap/.m2/repository/org/jsoup/jsoup/1.11.3/jsoup-1.11.3.jar:/home/shivap/.m2/repository/org/seleniumhq/selenium/selenium-java/3.141.59/selenium-java-3.141.59.jar:/home/shivap/.m2/repository/org/seleniumhq/selenium/selenium-api/3.141.59/selenium-api-3.141.59.jar:/home/shivap/.m2/repository/org/seleniumhq/selenium/selenium-edge-driver/3.141.59/selenium-edge-driver-3.141.59.jar:/home/shivap/.m2/repository/org/seleniumhq/selenium/selenium-firefox-driver/3.141.59/selenium-firefox-driver-3.141.59.jar:/home/shivap/.m2/repository/org/seleniumhq/selenium/selenium-ie-driver/3.141.59/selenium-ie-driver-3.141.59.jar:/home/shivap/.m2/repository/org/seleniumhq/selenium/selenium-opera-driver/3.141.59/selenium-opera-driver-3.141.59.jar:/home/shivap/.m2/repository/org/seleniumhq/selenium/selenium-remote-driver/3.141.59/selenium-remote-driver-3.141.59.jar:/home/shivap/.m2/repository/org/seleniumhq/selenium/selenium-safari-driver/3.141.59/selenium-safari-driver-3.141.59.jar:/home/shivap/.m2/repository/org/seleniumhq/selenium/selenium-support/3.141.59/selenium-support-3.141.59.jar:/home/shivap/.m2/repository/net/bytebuddy/byte-buddy/1.8.15/byte-buddy-1.8.15.jar:/home/shivap/.m2/repository/org/apache/commons/commons-exec/1.3/commons-exec-1.3.jar:/home/shivap/.m2/repository/com/google/guava/guava/25.0-jre/guava-25.0-jre.jar:/home/shivap/.m2/repository/com/google/code/findbugs/jsr305/1.3.9/jsr305-1.3.9.jar:/home/shivap/.m2/repository/org/checkerframework/checker-compat-qual/2.0.0/checker-compat-qual-2.0.0.jar:/home/shivap/.m2/repository/com/google/errorprone/error_prone_annotations/2.1.3/error_prone_annotations-2.1.3.jar:/home/shivap/.m2/repository/com/google/j2objc/j2objc-annotations/1.1/j2objc-annotations-1.1.jar:/home/shivap/.m2/repository/org/codehaus/mojo/animal-sniffer-annotations/1.14/animal-sniffer-annotations-1.14.jar:/home/shivap/.m2/repository/com/squareup/okhttp3/okhttp/3.11.0/okhttp-3.11.0.jar:/home/shivap/.m2/repository/com/squareup/okio/okio/1.14.0/okio-1.14.0.jar:/home/shivap/.m2/repository/org/seleniumhq/selenium/selenium-chrome-driver/3.141.59/selenium-chrome-driver-3.141.59.jar:/home/shivap/.m2/repository/org/testng/testng/7.1.0/testng-7.1.0.jar:/home/shivap/.m2/repository/com/beust/jcommander/1.72/jcommander-1.72.jar:/home/shivap/.m2/repository/com/google/inject/guice/4.1.0/guice-4.1.0-no_aop.jar:/home/shivap/.m2/repository/javax/inject/javax.inject/1/javax.inject-1.jar:/home/shivap/.m2/repository/aopalliance/aopalliance/1.0/aopalliance-1.0.jar:/home/shivap/.m2/repository/org/yaml/snakeyaml/1.21/snakeyaml-1.21.jar:/home/shivap/.m2/repository/com/opencsv/opencsv/5.0/opencsv-5.0.jar:/home/shivap/.m2/repository/org/apache/commons/commons-text/1.7/commons-text-1.7.jar:/home/shivap/.m2/repository/commons-beanutils/commons-beanutils/1.9.4/commons-beanutils-1.9.4.jar:/home/shivap/.m2/repository/commons-collections/commons-collections/3.2.2/commons-collections-3.2.2.jar:/home/shivap/.m2/repository/org/apache/commons/commons-collections4/4.4/commons-collections4-4.4.jar:/home/shivap/.m2/repository/au/com/bytecode/opencsv/2.4/opencsv-2.4.jar:/home/shivap/.m2/repository/org/apache/maven/surefire/surefire-testng-utils/2.22.0/surefire-testng-utils-2.22.0.jar:/home/shivap/.m2/repository/org/apache/maven/surefire/surefire-grouper/2.22.0/surefire-grouper-2.22.0.jar:"/>
    <property name="java.vm.vendor" value="Private Build"/>
    <property name="sun.arch.data.model" value="64"/>
    <property name="java.vendor.url" value="http://java.oracle.com/"/>
    <property name="user.timezone" value=""/>
    <property name="java.vm.specification.version" value="1.8"/>
    <property name="os.name" value="Linux"/>
    <property name="user.country" value="IN"/>
    <property name="sun.java.launcher" value="SUN_STANDARD"/>
    <property name="sun.boot.library.path" value="/usr/lib/jvm/java-8-openjdk-amd64/jre/lib/amd64"/>
    <property name="sun.java.command" value="/home/shivap/IdeaProjects/Testing1/target/surefire/surefirebooter6888561827365154790.jar /home/shivap/IdeaProjects/Testing1/target/surefire 2020-01-10T11-54-43_777-jvmRun1 surefire2403761152303519771tmp surefire_04907159353368637140tmp"/>
    <property name="surefire.test.class.path" value="/home/shivap/IdeaProjects/Testing1/target/test-classes:/home/shivap/IdeaProjects/Testing1/target/classes:/home/shivap/.m2/repository/io/github/bonigarcia/webdrivermanager/3.7.1/webdrivermanager-3.7.1.jar:/home/shivap/.m2/repository/org/slf4j/slf4j-api/1.7.25/slf4j-api-1.7.25.jar:/home/shivap/.m2/repository/commons-io/commons-io/2.6/commons-io-2.6.jar:/home/shivap/.m2/repository/com/google/code/gson/gson/2.8.5/gson-2.8.5.jar:/home/shivap/.m2/repository/org/apache/commons/commons-lang3/3.8.1/commons-lang3-3.8.1.jar:/home/shivap/.m2/repository/org/apache/httpcomponents/httpclient/4.5.6/httpclient-4.5.6.jar:/home/shivap/.m2/repository/org/apache/httpcomponents/httpcore/4.4.10/httpcore-4.4.10.jar:/home/shivap/.m2/repository/commons-logging/commons-logging/1.2/commons-logging-1.2.jar:/home/shivap/.m2/repository/commons-codec/commons-codec/1.10/commons-codec-1.10.jar:/home/shivap/.m2/repository/org/rauschig/jarchivelib/1.0.0/jarchivelib-1.0.0.jar:/home/shivap/.m2/repository/org/apache/commons/commons-compress/1.18/commons-compress-1.18.jar:/home/shivap/.m2/repository/org/jsoup/jsoup/1.11.3/jsoup-1.11.3.jar:/home/shivap/.m2/repository/org/seleniumhq/selenium/selenium-java/3.141.59/selenium-java-3.141.59.jar:/home/shivap/.m2/repository/org/seleniumhq/selenium/selenium-api/3.141.59/selenium-api-3.141.59.jar:/home/shivap/.m2/repository/org/seleniumhq/selenium/selenium-edge-driver/3.141.59/selenium-edge-driver-3.141.59.jar:/home/shivap/.m2/repository/org/seleniumhq/selenium/selenium-firefox-driver/3.141.59/selenium-firefox-driver-3.141.59.jar:/home/shivap/.m2/repository/org/seleniumhq/selenium/selenium-ie-driver/3.141.59/selenium-ie-driver-3.141.59.jar:/home/shivap/.m2/repository/org/seleniumhq/selenium/selenium-opera-driver/3.141.59/selenium-opera-driver-3.141.59.jar:/home/shivap/.m2/repository/org/seleniumhq/selenium/selenium-remote-driver/3.141.59/selenium-remote-driver-3.141.59.jar:/home/shivap/.m2/repository/org/seleniumhq/selenium/selenium-safari-driver/3.141.59/selenium-safari-driver-3.141.59.jar:/home/shivap/.m2/repository/org/seleniumhq/selenium/selenium-support/3.141.59/selenium-support-3.141.59.jar:/home/shivap/.m2/repository/net/bytebuddy/byte-buddy/1.8.15/byte-buddy-1.8.15.jar:/home/shivap/.m2/repository/org/apache/commons/commons-exec/1.3/commons-exec-1.3.jar:/home/shivap/.m2/repository/com/google/guava/guava/25.0-jre/guava-25.0-jre.jar:/home/shivap/.m2/repository/com/google/code/findbugs/jsr305/1.3.9/jsr305-1.3.9.jar:/home/shivap/.m2/repository/org/checkerframework/checker-compat-qual/2.0.0/checker-compat-qual-2.0.0.jar:/home/shivap/.m2/repository/com/google/errorprone/error_prone_annotations/2.1.3/error_prone_annotations-2.1.3.jar:/home/shivap/.m2/repository/com/google/j2objc/j2objc-annotations/1.1/j2objc-annotations-1.1.jar:/home/shivap/.m2/repository/org/codehaus/mojo/animal-sniffer-annotations/1.14/animal-sniffer-annotations-1.14.jar:/home/shivap/.m2/repository/com/squareup/okhttp3/okhttp/3.11.0/okhttp-3.11.0.jar:/home/shivap/.m2/repository/com/squareup/okio/okio/1.14.0/okio-1.14.0.jar:/home/shivap/.m2/repository/org/seleniumhq/selenium/selenium-chrome-driver/3.141.59/selenium-chrome-driver-3.141.59.jar:/home/shivap/.m2/repository/org/testng/testng/7.1.0/testng-7.1.0.jar:/home/shivap/.m2/repository/com/beust/jcommander/1.72/jcommander-1.72.jar:/home/shivap/.m2/repository/com/google/inject/guice/4.1.0/guice-4.1.0-no_aop.jar:/home/shivap/.m2/repository/javax/inject/javax.inject/1/javax.inject-1.jar:/home/shivap/.m2/repository/aopalliance/aopalliance/1.0/aopalliance-1.0.jar:/home/shivap/.m2/repository/org/yaml/snakeyaml/1.21/snakeyaml-1.21.jar:/home/shivap/.m2/repository/com/opencsv/opencsv/5.0/opencsv-5.0.jar:/home/shivap/.m2/repository/org/apache/commons/commons-text/1.7/commons-text-1.7.jar:/home/shivap/.m2/repository/commons-beanutils/commons-beanutils/1.9.4/commons-beanutils-1.9.4.jar:/home/shivap/.m2/repository/commons-collections/commons-collections/3.2.2/commons-collections-3.2.2.jar:/home/shivap/.m2/repository/org/apache/commons/commons-collections4/4.4/commons-collections4-4.4.jar:/home/shivap/.m2/repository/au/com/bytecode/opencsv/2.4/opencsv-2.4.jar:/home/shivap/.m2/repository/org/apache/maven/surefire/surefire-testng-utils/2.22.0/surefire-testng-utils-2.22.0.jar:/home/shivap/.m2/repository/org/apache/maven/surefire/surefire-grouper/2.22.0/surefire-grouper-2.22.0.jar:"/>
    <property name="sun.cpu.endian" value="little"/>
    <property name="user.home" value="/home/shivap"/>
    <property name="user.language" value="en"/>
    <property name="java.specification.vendor" value="Oracle Corporation"/>
    <property name="java.home" value="/usr/lib/jvm/java-8-openjdk-amd64/jre"/>
    <property name="basedir" value="/home/shivap/IdeaProjects/Testing1"/>
    <property name="file.separator" value="/"/>
    <property name="line.separator" value="&#10;"/>
    <property name="java.vm.specification.vendor" value="Oracle Corporation"/>
    <property name="java.specification.name" value="Java Platform API Specification"/>
    <property name="java.awt.graphicsenv" value="sun.awt.X11GraphicsEnvironment"/>
    <property name="surefire.real.class.path" value="/home/shivap/IdeaProjects/Testing1/target/surefire/surefirebooter6888561827365154790.jar"/>
    <property name="sun.boot.class.path" value="/usr/lib/jvm/java-8-openjdk-amd64/jre/lib/resources.jar:/usr/lib/jvm/java-8-openjdk-amd64/jre/lib/rt.jar:/usr/lib/jvm/java-8-openjdk-amd64/jre/lib/sunrsasign.jar:/usr/lib/jvm/java-8-openjdk-amd64/jre/lib/jsse.jar:/usr/lib/jvm/java-8-openjdk-amd64/jre/lib/jce.jar:/usr/lib/jvm/java-8-openjdk-amd64/jre/lib/charsets.jar:/usr/lib/jvm/java-8-openjdk-amd64/jre/lib/jfr.jar:/usr/lib/jvm/java-8-openjdk-amd64/jre/classes"/>
    <property name="sun.management.compiler" value="HotSpot 64-Bit Tiered Compilers"/>
    <property name="java.runtime.version" value="1.8.0_232-8u232-b09-0ubuntu1~18.04.1-b09"/>
    <property name="user.name" value="shivap"/>
    <property name="path.separator" value=":"/>
    <property name="os.version" value="5.0.0-37-generic"/>
    <property name="java.endorsed.dirs" value="/usr/lib/jvm/java-8-openjdk-amd64/jre/lib/endorsed"/>
    <property name="java.runtime.name" value="OpenJDK Runtime Environment"/>
    <property name="file.encoding" value="UTF-8"/>
    <property name="java.vm.name" value="OpenJDK 64-Bit Server VM"/>
    <property name="localRepository" value="/home/shivap/.m2/repository"/>
    <property name="java.vendor.url.bug" value="http://bugreport.sun.com/bugreport/"/>
    <property name="java.io.tmpdir" value="/tmp"/>
    <property name="java.version" value="1.8.0_232"/>
    <property name="user.dir" value="/home/shivap/IdeaProjects/Testing1"/>
    <property name="os.arch" value="amd64"/>
    <property name="java.vm.specification.name" value="Java Virtual Machine Specification"/>
    <property name="java.awt.printerjob" value="sun.print.PSPrinterJob"/>
    <property name="sun.os.patch.level" value="unknown"/>
    <property name="java.library.path" value="/usr/java/packages/lib/amd64:/usr/lib/x86_64-linux-gnu/jni:/lib/x86_64-linux-gnu:/usr/lib/x86_64-linux-gnu:/usr/lib/jni:/lib:/usr/lib"/>
    <property name="java.vm.info" value="mixed mode"/>
    <property name="java.vendor" value="Private Build"/>
    <property name="java.vm.version" value="25.232-b09"/>
    <property name="java.ext.dirs" value="/usr/lib/jvm/java-8-openjdk-amd64/jre/lib/ext:/usr/java/packages/lib/ext"/>
    <property name="sun.io.unicode.encoding" value="UnicodeLittle"/>
    <property name="java.class.version" value="52.0"/>
  </properties>
  <testcase name="test" classname="com.prabhakar.Savvy1Test" time="19.199"/>
  <testcase name="test" classname="com.prabhakar.Savvy2Test" time="16.498"/>
  <testcase name="googleSearch" classname="com.prabhakar.SampleTest" time="10.805"/>
  <testcase name="test" classname="com.prabhakar.SavvyTest" time="10.885"/>
</testsuite>