<?xml version="1.0" encoding="UTF-8"?>
<!-- Generated by org.testng.reporters.JUnitReportReporter -->
<testsuite skipped="0" hostname="PRINHYLTPHP0159" name="com.prabhakar.Savvy2Test" tests="1" failures="0" timestamp="2020-01-10T11:55:42 IST" time="16.499" errors="0">
  <testcase name="test" time="16.499" classname="com.prabhakar.Savvy2Test"/>
  <system-out/>
</testsuite> <!-- com.prabhakar.Savvy2Test -->
