<?xml version="1.0" encoding="UTF-8"?>
<!-- Generated by org.testng.reporters.JUnitReportReporter -->
<testsuite skipped="0" hostname="PRINHYLTPHP0159" name="com.prabhakar.SampleTest" tests="1" failures="0" timestamp="2020-01-10T11:55:42 IST" time="10.804" errors="0">
  <testcase name="googleSearch" time="10.804" classname="com.prabhakar.SampleTest"/>
  <system-out/>
</testsuite> <!-- com.prabhakar.SampleTest -->
